빌드 시작: 2018-09-06 오전 12:59:30
     1>4 노드의 "G:\개발\DataStructure\LinearStructure\ArrayStack\ArrayStack.vcxproj" 프로젝트(Rebuild 대상)입니다.
     1>PrepareForBuild:
         "Debug\ArrayStack.tlog\" 디렉터리를 만들고 있습니다.
       InitializeBuildStatus:
         "AlwaysCreate"이(가) 지정되었기 때문에 "Debug\ArrayStack.tlog\unsuccessfulbuild"을(를) 만들고 있습니다.
       ClCompile:
         C:\Program Files (x86)\Microsoft Visual Studio 12.0\VC\bin\CL.exe /c /I"G:\개발\DataStructure\DataStructure" /ZI /nologo /W3 /WX- /Od /Oy- /D WIN32 /D _DEBUG /D _CONSOLE /D _LIB /D _UNICODE /D UNICODE /Gm /EHsc /RTC1 /MDd /GS /fp:precise /Zc:wchar_t /Zc:forScope /Fo"Debug\\" /Fd"Debug\vc120.pdb" /Gd /TP /analyze- /errorReport:prompt ArrayStack.cpp Stack.cpp stdafx.cpp
         stdafx.cpp
         Stack.cpp
         ArrayStack.cpp
         코드를 생성하고 있습니다...
       Link:
         C:\Program Files (x86)\Microsoft Visual Studio 12.0\VC\bin\link.exe /ERRORREPORT:PROMPT /OUT:"G:\개발\DataStructure\Debug\ArrayStack.exe" /INCREMENTAL /NOLOGO kernel32.lib user32.lib gdi32.lib winspool.lib comdlg32.lib advapi32.lib shell32.lib ole32.lib oleaut32.lib uuid.lib odbc32.lib odbccp32.lib /MANIFEST /MANIFESTUAC:"level='asInvoker' uiAccess='false'" /manifest:embed /DEBUG /PDB:"G:\개발\DataStructure\Debug\ArrayStack.pdb" /SUBSYSTEM:CONSOLE /TLBID:1 /DYNAMICBASE /NXCOMPAT /IMPLIB:"G:\개발\DataStructure\Debug\ArrayStack.lib" /MACHINE:X86 Debug\ArrayStack.obj
         Debug\Stack.obj
         Debug\stdafx.obj
     1>Stack.obj : error LNK2019: "public: __thiscall INode::INode(int)" (??0INode@@QAE@H@Z) 외부 기호(참조 위치: "public: void __thiscall Stack::Push(int)" (?Push@Stack@@QAEXH@Z) 함수)에서 확인하지 못했습니다.
     1>Stack.obj : error LNK2019: "public: int __thiscall INode::GetData(void)" (?GetData@INode@@QAEHXZ) 외부 기호(참조 위치: "public: int __thiscall Stack::Pop(void)" (?Pop@Stack@@QAEHXZ) 함수)에서 확인하지 못했습니다.
     1>G:\개발\DataStructure\Debug\ArrayStack.exe : fatal error LNK1120: 2개의 확인할 수 없는 외부 참조입니다.
     1>"G:\개발\DataStructure\LinearStructure\ArrayStack\ArrayStack.vcxproj" 프로젝트를 빌드했습니다(Rebuild 대상). - 실패

빌드하지 못했습니다.

경과 시간: 00:00:01.34
